This is e-pTeX, Version 3.14159265-p3.7.1-161114-2.6 (utf8.euc) (TeX Live 2016/Debian) (preloaded format=platex 2017.7.2)  31 AUG 2018 12:39
entering extended mode
 restricted \write18 enabled.
 %&-line parsing enabled.
**030QGIS„^^81—ÉÊ±üÁØè^^95Ëåñ^^9cÁΩ©£ 
(./030QGIS„^^81—ÉÊ±üÁØè^^95Ëåñ^^9cÁΩ©£.tex
pLaTeX2e <2016/11/29> (based on LaTeX2e <2017/01/01> patch level 3)
Babel <3.9r> and hyphenation patterns for 12 language(s) loaded.
(/usr/share/texlive/texmf-dist/tex/platex/jsclasses/jsarticle.cls
Document Class: jsarticle 2017/01/13 okumura, texjporg
\jsc@mpt=\dimen118
\jsc@mmm=\dimen119
\jsc@smallskipamount=\skip41
LaTeX Info: Redefining \rmfamily on input line 468.
LaTeX Info: Redefining \sffamily on input line 471.
LaTeX Info: Redefining \ttfamily on input line 474.
LaTeX Info: Redefining \textmc on input line 477.
LaTeX Info: Redefining \textgt on input line 479.
\symmincho=\mathgroup4
LaTeX Font Info:    Overwriting symbol font `mincho' in version `bold'
(Font)                  JY1/mc/m/n --> JY1/gt/m/n on input line 540.
LaTeX Font Info:    Font shape `JT1/mc/m/n' will be
(Font)              scaled to size 9.60999pt on input line 731.
LaTeX Font Info:    Font shape `JY1/mc/m/n' will be
(Font)              scaled to size 9.60999pt on input line 731.
\fullwidth=\dimen120
LaTeX Font Info:    Font shape `JT1/mc/m/n' will be
(Font)              scaled to size 7.68799pt on input line 883.
LaTeX Font Info:    Font shape `JY1/mc/m/n' will be
(Font)              scaled to size 7.68799pt on input line 883.
\c@part=\count82
\c@section=\count83
\c@subsection=\count84
\c@subsubsection=\count85
\c@paragraph=\count86
\c@subparagraph=\count87
\@abstractbox=\box41
\c@figure=\count88
\c@table=\count89
\abovecaptionskip=\skip42
\belowcaptionskip=\skip43
\jsc@tocl@width=\dimen121
\@lnumwidth=\dimen122
\bibindent=\dimen123
(/usr/share/texlive/texmf-dist/tex/platex/jsclasses/jslogo.sty
Package: jslogo 2016/07/14 okumura, texjporg
LaTeX Info: Redefining \TeX on input line 94.
LaTeX Info: Redefining \LaTeX on input line 147.
LaTeX Info: Redefining \LaTeXe on input line 200.
)
\heisei=\count90
)
(/usr/share/texlive/texmf-dist/tex/latex/graphics/graphicx.sty
Package: graphicx 2014/10/28 v1.0g Enhanced LaTeX Graphics (DPC,SPQR)

(/usr/share/texlive/texmf-dist/tex/latex/graphics/keyval.sty
Package: keyval 2014/10/28 v1.15 key=value parser (DPC)
\KV@toks@=\toks15
)
(/usr/share/texlive/texmf-dist/tex/latex/graphics/graphics.sty
Package: graphics 2016/10/09 v1.0u Standard LaTeX Graphics (DPC,SPQR)

(/usr/share/texlive/texmf-dist/tex/latex/graphics/trig.sty
Package: trig 2016/01/03 v1.10 sin cos tan (DPC)
)
(/usr/share/texlive/texmf-dist/tex/latex/graphics-cfg/graphics.cfg
File: graphics.cfg 2016/06/04 v1.11 sample graphics configuration
)
Package graphics Info: Driver file: dvipdfmx.def on input line 99.

(/usr/share/texlive/texmf-dist/tex/latex/graphics-def/dvipdfmx.def
File: dvipdfmx.def 2016/07/11 v4.12 LaTeX color/graphics driver for dvipdfmx (L
3/ChoF)
))
\Gin@req@height=\dimen124
\Gin@req@width=\dimen125
)
(/usr/share/texlive/texmf-dist/tex/latex/wrapfig/wrapfig.sty
\wrapoverhang=\dimen126
\WF@size=\dimen127
\c@WF@wrappedlines=\count91
\WF@box=\box42
\WF@everypar=\toks16
Package: wrapfig 2003/01/31  v 3.6
)
(/usr/share/texlive/texmf-dist/tex/latex/float/float.sty
Package: float 2001/11/08 v1.3d Float enhancements (AL)
\c@float@type=\count92
\float@exts=\toks17
\float@box=\box43
\@float@everytoks=\toks18
\@floatcapt=\box44
)
(/usr/share/texlive/texmf-dist/tex/platex/japanese-otf-uptex/otf.sty
Package: otf 2013/11/17 v1.7b6 psitau, u0.17 ttk
LaTeX Font Info:    Redeclaring symbol font `mincho' on input line 279.
LaTeX Font Info:    Overwriting symbol font `mincho' in version `normal'
(Font)                  JY1/mc/m/n --> JY1/hmc/m/n on input line 279.
LaTeX Font Info:    Overwriting symbol font `mincho' in version `bold'
(Font)                  JY1/gt/m/n --> JY1/hmc/m/n on input line 279.
LaTeX Font Info:    Overwriting symbol font `mincho' in version `bold'
(Font)                  JY1/hmc/m/n --> JY1/hmc/bx/n on input line 281.
LaTeX Font Info:    Redeclaring math alphabet \mathgt on input line 282.
LaTeX Font Info:    Overwriting math alphabet `\mathgt' in version `normal'
(Font)                  JY1/gt/m/n --> JY1/hgt/m/n on input line 282.
LaTeX Font Info:    Overwriting math alphabet `\mathgt' in version `bold'
(Font)                  JY1/gt/m/n --> JY1/hgt/m/n on input line 282.
LaTeX Font Info:    Overwriting math alphabet `\mathgt' in version `bold'
(Font)                  JY1/hgt/m/n --> JY1/hgt/bx/n on input line 283.

(/usr/share/texlive/texmf-dist/tex/platex/japanese-otf/ajmacros.sty
Package: ajmacros 2005/12/25 13:52 iNOUE Koich! <inoue@ma.ns.musashi-tech.ac.jp
>
\@tempcntc=\count93
\@tempcntd=\count94
\@tempcnte=\count95
\@tempcntf=\count96
))
(/usr/share/texlive/texmf-dist/tex/latex/tools/longtable.sty
Package: longtable 2014/10/28 v4.11 Multi-page Table package (DPC)
\LTleft=\skip44
\LTright=\skip45
\LTpre=\skip46
\LTpost=\skip47
\LTchunksize=\count97
\LTcapwidth=\dimen128
\LT@head=\box45
\LT@firsthead=\box46
\LT@foot=\box47
\LT@lastfoot=\box48
\LT@cols=\count98
\LT@rows=\count99
\c@LT@tables=\count100
\c@LT@chunks=\count101
\LT@p@ftn=\toks19
)
(/usr/share/texlive/texmf-dist/tex/generic/ulem/ulem.sty
\UL@box=\box49
\UL@hyphenbox=\box50
\UL@skip=\skip48
\UL@hook=\toks20
\UL@height=\dimen129
\UL@pe=\count102
\UL@pixel=\dimen130
\ULC@box=\box51
Package: ulem 2012/05/18
\ULdepth=\dimen131
)
(/usr/share/texlive/texmf-dist/tex/platex/base/ascmac.sty
Package: ascmac 2016/08/21 v2.0c ascmac wrapper (community edition) 

(/usr/share/texlive/texmf-dist/tex/platex/base/tascmac.sty
Package: tascmac 2016/08/21 v2.0c ascmac package (community edition) 
\@savetbaselineshift=\dimen132
\@saveybaselineshift=\dimen133
\scb@x=\box52
\scscb@x=\box53
\@bw=\dimen134
\@nbox=\box54
\@nbody=\box55
\@scw=\dimen135
\@itemh=\dimen136
\@iboxpos=\toks21
\@iboxstr=\box56
\@bwsp=\box57
\@@bwsp=\box58
\@bcal=\count103
\shaderule=\dimen137
))
(/usr/share/texlive/texmf-dist/tex/latex/tools/multicol.sty
Package: multicol 2016/04/07 v1.8p multicolumn formatting (FMi)
\c@tracingmulticols=\count104


Package multicol Warning: May not work with the twocolumn option on input line 
134.

\mult@box=\box59
\multicol@leftmargin=\dimen138
\c@unbalance=\count105
\c@collectmore=\count106
\doublecol@number=\count107
\multicoltolerance=\count108
\multicolpretolerance=\count109
\full@width=\dimen139
\page@free=\dimen140
\premulticols=\dimen141
\postmulticols=\dimen142
\multicolsep=\skip49
\multicolbaselineskip=\skip50
\partial@page=\box60
\last@line=\box61
\maxbalancingoverflow=\dimen143
\mult@rightbox=\box62
\mult@grightbox=\box63
\mult@gfirstbox=\box64
\mult@firstbox=\box65
\@tempa=\box66
\@tempa=\box67
\@tempa=\box68
\@tempa=\box69
\@tempa=\box70
\@tempa=\box71
\@tempa=\box72
\@tempa=\box73
\@tempa=\box74
\@tempa=\box75
\@tempa=\box76
\@tempa=\box77
\@tempa=\box78
\@tempa=\box79
\@tempa=\box80
\@tempa=\box81
\@tempa=\box82
\c@columnbadness=\count110
\c@finalcolumnbadness=\count111
\last@try=\dimen144
\multicolovershoot=\dimen145
\multicolundershoot=\dimen146
\mult@nat@firstbox=\box83
\colbreak@box=\box84
\mc@col@check@num=\count112
) (./030QGIS„^^81—ÉÊ±üÁØè^^95Ëåñ^^9cÁΩ©£.aux) 
\openout1 = `030QGIS„^^81—ÉÊ±üÁØè^^95Ëåñ^^9cÁΩ©£.aux'.

LaTeX Font Info:    Checking defaults for OML/cmm/m/it on input line 31.
LaTeX Font Info:    ... okay on input line 31.
LaTeX Font Info:    Checking defaults for T1/cmr/m/n on input line 31.
LaTeX Font Info:    ... okay on input line 31.
LaTeX Font Info:    Checking defaults for OT1/cmr/m/n on input line 31.
LaTeX Font Info:    ... okay on input line 31.
LaTeX Font Info:    Checking defaults for OMS/cmsy/m/n on input line 31.
LaTeX Font Info:    ... okay on input line 31.
LaTeX Font Info:    Checking defaults for OMX/cmex/m/n on input line 31.
LaTeX Font Info:    ... okay on input line 31.
LaTeX Font Info:    Checking defaults for U/cmr/m/n on input line 31.
LaTeX Font Info:    ... okay on input line 31.
LaTeX Font Info:    Checking defaults for JY1/mc/m/n on input line 31.
LaTeX Font Info:    ... okay on input line 31.
LaTeX Font Info:    Checking defaults for JT1/mc/m/n on input line 31.
LaTeX Font Info:    ... okay on input line 31.
LaTeX Font Info:    Font shape `JT1/hmc/m/n' will be
(Font)              scaled to size 9.24683pt on input line 31.
LaTeX Font Info:    Font shape `JY1/hmc/m/n' will be
(Font)              scaled to size 9.24683pt on input line 31.
LaTeX Font Info:    Font shape `JT1/hmc/m/n' will be
(Font)              scaled to size 15.9785pt on input line 32.
LaTeX Font Info:    Font shape `JY1/hmc/m/n' will be
(Font)              scaled to size 15.9785pt on input line 32.
LaTeX Font Info:    Font shape `JT1/hmc/m/n' will be
(Font)              scaled to size 11.09619pt on input line 32.
LaTeX Font Info:    Font shape `JY1/hmc/m/n' will be
(Font)              scaled to size 11.09619pt on input line 32.
LaTeX Font Info:    External font `cmex10' loaded for size
(Font)              <12> on input line 32.
LaTeX Font Info:    External font `cmex10' loaded for size
(Font)              <8> on input line 32.
LaTeX Font Info:    External font `cmex10' loaded for size
(Font)              <6> on input line 32.
LaTeX Font Info:    Font shape `JY1/hmc/m/n' will be
(Font)              scaled to size 7.39746pt on input line 32.
LaTeX Font Info:    Font shape `JY1/hmc/m/n' will be
(Font)              scaled to size 5.5481pt on input line 32.
LaTeX Font Info:    Font shape `JT1/hgt/m/n' will be
(Font)              scaled to size 11.09619pt on input line 34.
LaTeX Font Info:    Font shape `JY1/hgt/m/n' will be
(Font)              scaled to size 11.09619pt on input line 34.
LaTeX Font Info:    Try loading font information for OMS+cmr on input line 36.

(/usr/share/texlive/texmf-dist/tex/latex/base/omscmr.fd
File: omscmr.fd 2014/09/29 v2.5h Standard LaTeX font definitions
)
LaTeX Font Info:    Font shape `OMS/cmr/m/n' in size <10> not available
(Font)              Font shape `OMS/cmsy/m/n' tried instead on input line 36.
File: 04.png Graphic file (type bmp)
 <04.png>
LaTeX Font Info:    Font shape `JT1/hmc/m/n' will be
(Font)              scaled to size 8.32214pt on input line 60.
LaTeX Font Info:    Font shape `JY1/hmc/m/n' will be
(Font)              scaled to size 8.32214pt on input line 60.

Underfull \vbox (badness 10000) has occurred while \output is active []

File: 10.png Graphic file (type bmp)
 <10.png>
LaTeX Font Info:    External font `cmex10' loaded for size
(Font)              <7> on input line 71.
LaTeX Font Info:    External font `cmex10' loaded for size
(Font)              <5> on input line 71.
LaTeX Font Info:    Font shape `JY1/hmc/m/n' will be
(Font)              scaled to size 6.47278pt on input line 71.
LaTeX Font Info:    Font shape `JY1/hmc/m/n' will be
(Font)              scaled to size 4.62341pt on input line 71.
LaTeX Font Info:    Font shape `JT1/hmc/m/n' will be
(Font)              scaled to size 6.47278pt on input line 71.
LaTeX Font Info:    Font shape `JT1/hmc/m/n' will be
(Font)              scaled to size 7.39746pt on input line 71.
LaTeX Font Info:    Font shape `JT1/hmc/m/n' will be
(Font)              scaled to size 5.5481pt on input line 71.

[1


]
Underfull \vbox (badness 3428) has occurred while \output is active []

LaTeX Font Info:    Font shape `JT1/hmc/bx/n' in size <10> not available
(Font)              Font shape `JT1/hgt/m/n' tried instead on input line 121.
LaTeX Font Info:    Font shape `JT1/hgt/m/n' will be
(Font)              scaled to size 9.24683pt on input line 121.
LaTeX Font Info:    Font shape `JY1/hmc/bx/n' in size <10> not available
(Font)              Font shape `JY1/hgt/m/n' tried instead on input line 121.
LaTeX Font Info:    Font shape `JY1/hgt/m/n' will be
(Font)              scaled to size 9.24683pt on input line 121.
File: 16.png Graphic file (type bmp)
 <16.png>
Underfull \vbox (badness 10000) has occurred while \output is active []

 [2]
File: 17.png Graphic file (type bmp)

<17.png>
LaTeX Font Info:    Font shape `OMS/cmr/m/n' in size <9> not available
(Font)              Font shape `OMS/cmsy/m/n' tried instead on input line 147.
File: 17-2.png Graphic file (type bmp)
 <17-2.png>
File: 18.png Graphic file (type bmp)
 <18.png>
Underfull \vbox (badness 10000) has occurred while \output is active []

File: 19.jpg Graphic file (type bmp)
 <19.jpg>
[3] (./030QGIS„^^81—ÉÊ±üÁØè^^95Ëåñ^^9cÁΩ©£.aux) ) 
Here is how much of TeX's memory you used:
 3054 strings out of 494820
 36392 string characters out of 6178928
 103860 words of memory out of 5000000
 6502 multiletter control sequences out of 15000+600000
 14398 words of font info for 70 fonts, out of 8000000 for 9000
 269 hyphenation exceptions out of 8191
 26i,8n,23p,575b,991s stack positions out of 5000i,500n,10000p,200000b,80000s

Output written on 030QGIS„^^81—ÉÊ±üÁØè^^95Ëåñ^^9cÁΩ©£.dvi (3 pages, 11672 bytes).
